<?xml version="1.0" encoding="UTF-8"?>
<TestRun id="b63a0b5f-60ff-4140-8d22-b567a931ac7f" name="Marcio@MARCIOALTHMANN 2011-05-25 22:40:46" runUser="marcioalthmann\Marcio" xmlns="http://microsoft.com/schemas/VisualStudio/TeamTest/2010">
  <TestSettings name="Local" id="4c5d8efd-9a20-44f0-84d3-90b2f595beef">
    <Description>These are default test settings for a local test run.</Description>
    <Deployment enabled="false" runDeploymentRoot="Marcio_MARCIOALTHMANN 2011-05-25 22_40_46" />
    <Execution>
      <TestTypeSpecific />
      <AgentRule name="Execution Agents">
      </AgentRule>
    </Execution>
  </TestSettings>
  <Times creation="2011-05-25T22:40:46.1103020-03:00" queuing="2011-05-25T22:40:46.6063304-03:00" start="2011-05-25T22:40:46.9913524-03:00" finish="2011-05-25T22:40:47.3083705-03:00" />
  <ResultSummary outcome="Completed">
    <Counters total="1" executed="1" passed="1" error="0" failed="0" timeout="0" aborted="0" inconclusive="0" passedButRunAborted="0" notRunnable="0" notExecuted="0" disconnected="0" warning="0" completed="0" inProgress="0" pending="0" />
  </ResultSummary>
  <TestDefinitions>
    <UnitTest name="WhenResolveAClassTwoTimesReturnTheSameInstanceWithSingletonLifeStyle" storage="d:\frameworks\basicioc\src\basicioc.tests\bin\debug\basicioc.tests.dll" id="be98ced2-c3ca-04ea-844d-fe548195ce00">
      <Execution timeOut="1800000" id="44c3c20c-e393-4dc2-be3f-c1ec4d6461bf" />
      <TestMethod codeBase="D:/Frameworks/BasicIoC/src/BasicIoC.Tests/bin/Debug/BasicIoC.Tests.DLL" adapterTypeName="Microsoft.VisualStudio.TestTools.TestTypes.Unit.UnitTestAdapter, Microsoft.VisualStudio.QualityTools.Tips.UnitTest.Adapter, Version=10.0.0.0, Culture=neutral, PublicKeyToken=b03f5f7f11d50a3a" className="BasicIoC.Tests.ContainerTests, BasicIoC.Tests, Version=1.0.0.0, Culture=neutral, PublicKeyToken=null" name="WhenResolveAClassTwoTimesReturnTheSameInstanceWithSingletonLifeStyle" />
    </UnitTest>
  </TestDefinitions>
  <TestLists>
    <TestList name="Results Not in a List" id="8c84fa94-04c1-424b-9868-57a2d4851a1d" />
    <TestList name="All Loaded Results" id="19431567-8539-422a-85d7-44ee4e166bda" />
  </TestLists>
  <TestEntries>
    <TestEntry testId="be98ced2-c3ca-04ea-844d-fe548195ce00" executionId="44c3c20c-e393-4dc2-be3f-c1ec4d6461bf" testListId="8c84fa94-04c1-424b-9868-57a2d4851a1d" />
  </TestEntries>
  <Results>
    <UnitTestResult executionId="44c3c20c-e393-4dc2-be3f-c1ec4d6461bf" testId="be98ced2-c3ca-04ea-844d-fe548195ce00" testName="WhenResolveAClassTwoTimesReturnTheSameInstanceWithSingletonLifeStyle" computerName="MARCIOALTHMANN" duration="00:00:00.0350616" startTime="2011-05-25T22:40:47.0793574-03:00" endTime="2011-05-25T22:40:47.2023644-03:00" testType="13cdc9d9-ddb5-4fa4-a97d-d965ccfc6d4b" outcome="Passed" testListId="8c84fa94-04c1-424b-9868-57a2d4851a1d" relativeResultsDirectory="44c3c20c-e393-4dc2-be3f-c1ec4d6461bf">
    </UnitTestResult>
  </Results>
</TestRun>