<?xml version="1.0" encoding="UTF-8"?>
<TestRun id="6aec51b9-deb7-4332-9226-a326e7b9d4cb" name="Marcio@MARCIOALTHMANN 2011-05-25 22:43:39" runUser="marcioalthmann\Marcio" xmlns="http://microsoft.com/schemas/VisualStudio/TeamTest/2010">
  <TestSettings name="Local" id="4c5d8efd-9a20-44f0-84d3-90b2f595beef">
    <Description>These are default test settings for a local test run.</Description>
    <Deployment enabled="false" runDeploymentRoot="Marcio_MARCIOALTHMANN 2011-05-25 22_43_39" />
    <Execution>
      <TestTypeSpecific />
      <AgentRule name="Execution Agents">
      </AgentRule>
    </Execution>
  </TestSettings>
  <Times creation="2011-05-25T22:43:39.3792124-03:00" queuing="2011-05-25T22:43:39.8712405-03:00" start="2011-05-25T22:43:40.2262608-03:00" finish="2011-05-25T22:43:40.7162889-03:00" />
  <ResultSummary outcome="Failed">
    <Counters total="4" executed="4" passed="3" error="0" failed="1" timeout="0" aborted="0" inconclusive="0" passedButRunAborted="0" notRunnable="0" notExecuted="0" disconnected="0" warning="0" completed="0" inProgress="0" pending="0" />
  </ResultSummary>
  <TestDefinitions>
    <UnitTest name="RegisterAndResoleClassByInterface" storage="d:\frameworks\basicioc\src\basicioc.tests\bin\debug\basicioc.tests.dll" id="2941f5f1-d32e-ccca-4d3d-64a778b3272b">
      <Execution timeOut="1800000" id="558c09ca-bb71-45f9-be81-e1251a27c02a" />
      <TestMethod codeBase="D:/Frameworks/BasicIoC/src/BasicIoC.Tests/bin/Debug/BasicIoC.Tests.DLL" adapterTypeName="Microsoft.VisualStudio.TestTools.TestTypes.Unit.UnitTestAdapter, Microsoft.VisualStudio.QualityTools.Tips.UnitTest.Adapter, Version=10.0.0.0, Culture=neutral, PublicKeyToken=b03f5f7f11d50a3a" className="BasicIoC.Tests.ContainerTests, BasicIoC.Tests, Version=1.0.0.0, Culture=neutral, PublicKeyToken=null" name="RegisterAndResoleClassByInterface" />
    </UnitTest>
    <UnitTest name="RegisterAndResolveClassByType" storage="d:\frameworks\basicioc\src\basicioc.tests\bin\debug\basicioc.tests.dll" id="3818bdb2-7a04-d365-22f0-d583cdb4796f">
      <Execution timeOut="1800000" id="c9bbf4b3-e9e9-4ef9-ba66-77edb9b20358" />
      <TestMethod codeBase="D:/Frameworks/BasicIoC/src/BasicIoC.Tests/bin/Debug/BasicIoC.Tests.DLL" adapterTypeName="Microsoft.VisualStudio.TestTools.TestTypes.Unit.UnitTestAdapter, Microsoft.VisualStudio.QualityTools.Tips.UnitTest.Adapter, Version=10.0.0.0, Culture=neutral, PublicKeyToken=b03f5f7f11d50a3a" className="BasicIoC.Tests.ContainerTests, BasicIoC.Tests, Version=1.0.0.0, Culture=neutral, PublicKeyToken=null" name="RegisterAndResolveClassByType" />
    </UnitTest>
    <UnitTest name="WhenResolveAClassTwoTimesReturnTheSameInstanceWithSingletonLifeStyle" storage="d:\frameworks\basicioc\src\basicioc.tests\bin\debug\basicioc.tests.dll" id="be98ced2-c3ca-04ea-844d-fe548195ce00">
      <Execution timeOut="1800000" id="be8ff4dc-0da0-4c1c-bcdc-d0eb03792f4a" />
      <TestMethod codeBase="D:/Frameworks/BasicIoC/src/BasicIoC.Tests/bin/Debug/BasicIoC.Tests.DLL" adapterTypeName="Microsoft.VisualStudio.TestTools.TestTypes.Unit.UnitTestAdapter, Microsoft.VisualStudio.QualityTools.Tips.UnitTest.Adapter, Version=10.0.0.0, Culture=neutral, PublicKeyToken=b03f5f7f11d50a3a" className="BasicIoC.Tests.ContainerTests, BasicIoC.Tests, Version=1.0.0.0, Culture=neutral, PublicKeyToken=null" name="WhenResolveAClassTwoTimesReturnTheSameInstanceWithSingletonLifeStyle" />
    </UnitTest>
    <UnitTest name="WhenResolveAClassTwoTimesReturnTwoDiferentInstancesWithTransientLifeStyle" storage="d:\frameworks\basicioc\src\basicioc.tests\bin\debug\basicioc.tests.dll" id="4b70c67d-f34d-0bec-9667-07b67674d0ea">
      <Execution timeOut="1800000" id="9d1d19d9-9e4f-44b9-9995-29c4cf4ae5e4" />
      <TestMethod codeBase="D:/Frameworks/BasicIoC/src/BasicIoC.Tests/bin/Debug/BasicIoC.Tests.DLL" adapterTypeName="Microsoft.VisualStudio.TestTools.TestTypes.Unit.UnitTestAdapter, Microsoft.VisualStudio.QualityTools.Tips.UnitTest.Adapter, Version=10.0.0.0, Culture=neutral, PublicKeyToken=b03f5f7f11d50a3a" className="BasicIoC.Tests.ContainerTests, BasicIoC.Tests, Version=1.0.0.0, Culture=neutral, PublicKeyToken=null" name="WhenResolveAClassTwoTimesReturnTwoDiferentInstancesWithTransientLifeStyle" />
    </UnitTest>
  </TestDefinitions>
  <TestLists>
    <TestList name="Results Not in a List" id="8c84fa94-04c1-424b-9868-57a2d4851a1d" />
    <TestList name="All Loaded Results" id="19431567-8539-422a-85d7-44ee4e166bda" />
  </TestLists>
  <TestEntries>
    <TestEntry testId="2941f5f1-d32e-ccca-4d3d-64a778b3272b" executionId="558c09ca-bb71-45f9-be81-e1251a27c02a" testListId="8c84fa94-04c1-424b-9868-57a2d4851a1d" />
    <TestEntry testId="3818bdb2-7a04-d365-22f0-d583cdb4796f" executionId="c9bbf4b3-e9e9-4ef9-ba66-77edb9b20358" testListId="8c84fa94-04c1-424b-9868-57a2d4851a1d" />
    <TestEntry testId="be98ced2-c3ca-04ea-844d-fe548195ce00" executionId="be8ff4dc-0da0-4c1c-bcdc-d0eb03792f4a" testListId="8c84fa94-04c1-424b-9868-57a2d4851a1d" />
    <TestEntry testId="4b70c67d-f34d-0bec-9667-07b67674d0ea" executionId="9d1d19d9-9e4f-44b9-9995-29c4cf4ae5e4" testListId="8c84fa94-04c1-424b-9868-57a2d4851a1d" />
  </TestEntries>
  <Results>
    <UnitTestResult executionId="558c09ca-bb71-45f9-be81-e1251a27c02a" testId="2941f5f1-d32e-ccca-4d3d-64a778b3272b" testName="RegisterAndResoleClassByInterface" computerName="MARCIOALTHMANN" duration="00:00:00.0485004" startTime="2011-05-25T22:43:40.3212663-03:00" endTime="2011-05-25T22:43:40.4842756-03:00" testType="13cdc9d9-ddb5-4fa4-a97d-d965ccfc6d4b" outcome="Passed" testListId="8c84fa94-04c1-424b-9868-57a2d4851a1d" relativeResultsDirectory="558c09ca-bb71-45f9-be81-e1251a27c02a">
    </UnitTestResult>
    <UnitTestResult executionId="c9bbf4b3-e9e9-4ef9-ba66-77edb9b20358" testId="3818bdb2-7a04-d365-22f0-d583cdb4796f" testName="RegisterAndResolveClassByType" computerName="MARCIOALTHMANN" duration="00:00:00.0020078" startTime="2011-05-25T22:43:40.4892759-03:00" endTime="2011-05-25T22:43:40.5042767-03:00" testType="13cdc9d9-ddb5-4fa4-a97d-d965ccfc6d4b" outcome="Passed" testListId="8c84fa94-04c1-424b-9868-57a2d4851a1d" relativeResultsDirectory="c9bbf4b3-e9e9-4ef9-ba66-77edb9b20358">
    </UnitTestResult>
    <UnitTestResult executionId="be8ff4dc-0da0-4c1c-bcdc-d0eb03792f4a" testId="be98ced2-c3ca-04ea-844d-fe548195ce00" testName="WhenResolveAClassTwoTimesReturnTheSameInstanceWithSingletonLifeStyle" computerName="MARCIOALTHMANN" duration="00:00:00.0089693" startTime="2011-05-25T22:43:40.5102771-03:00" endTime="2011-05-25T22:43:40.5232778-03:00" testType="13cdc9d9-ddb5-4fa4-a97d-d965ccfc6d4b" outcome="Passed" testListId="8c84fa94-04c1-424b-9868-57a2d4851a1d" relativeResultsDirectory="be8ff4dc-0da0-4c1c-bcdc-d0eb03792f4a">
    </UnitTestResult>
    <UnitTestResult executionId="9d1d19d9-9e4f-44b9-9995-29c4cf4ae5e4" testId="4b70c67d-f34d-0bec-9667-07b67674d0ea" testName="WhenResolveAClassTwoTimesReturnTwoDiferentInstancesWithTransientLifeStyle" computerName="MARCIOALTHMANN" duration="00:00:00.0806078" startTime="2011-05-25T22:43:40.5292782-03:00" endTime="2011-05-25T22:43:40.6112829-03:00" testType="13cdc9d9-ddb5-4fa4-a97d-d965ccfc6d4b" outcome="Failed" testListId="8c84fa94-04c1-424b-9868-57a2d4851a1d" relativeResultsDirectory="9d1d19d9-9e4f-44b9-9995-29c4cf4ae5e4">
      <Output>
        <ErrorInfo>
          <Message>Assert.AreSame failed. </Message>
          <StackTrace>   at BasicIoC.Tests.ContainerTests.WhenResolveAClassTwoTimesReturnTwoDiferentInstancesWithTransientLifeStyle() in D:\Frameworks\BasicIoC\src\BasicIoC.Tests\ContainerTests.cs:line 63
</StackTrace>
        </ErrorInfo>
      </Output>
    </UnitTestResult>
  </Results>
</TestRun>