<?xml version="1.0" encoding="UTF-8"?>
<TestRun id="b07d9dd9-c19e-4e57-b80b-9fc2c811bc30" name="Marcio@MARCIOALTHMANN 2011-05-25 22:30:23" runUser="marcioalthmann\Marcio" xmlns="http://microsoft.com/schemas/VisualStudio/TeamTest/2010">
  <TestSettings name="Local" id="4c5d8efd-9a20-44f0-84d3-90b2f595beef">
    <Description>These are default test settings for a local test run.</Description>
    <Deployment enabled="false" runDeploymentRoot="Marcio_MARCIOALTHMANN 2011-05-25 22_30_23">
      <DeploymentItem filename="D:\Frameworks\BasicIoC\src\BasicIoC\bin\Debug\BasicIoC.dll" />
    </Deployment>
    <Execution>
      <TestTypeSpecific />
      <AgentRule name="Execution Agents">
      </AgentRule>
    </Execution>
  </TestSettings>
  <Times creation="2011-05-25T22:30:23.8687118-03:00" queuing="2011-05-25T22:30:30.4340873-03:00" start="2011-05-25T22:30:30.6380990-03:00" finish="2011-05-25T22:30:33.4942624-03:00" />
  <ResultSummary outcome="Completed">
    <Counters total="1" executed="1" passed="1" error="0" failed="0" timeout="0" aborted="0" inconclusive="0" passedButRunAborted="0" notRunnable="0" notExecuted="0" disconnected="0" warning="0" completed="0" inProgress="0" pending="0" />
  </ResultSummary>
  <TestDefinitions>
    <UnitTest name="ResolveType" storage="d:\frameworks\basicioc\src\basicioc.tests\bin\debug\basicioc.tests.dll" id="403db64d-87e9-8f44-df12-dddf2d5d8f93">
      <Execution id="274b8a21-ca9b-4cde-a7f0-e25dfb23a939" />
      <TestMethod codeBase="D:/Frameworks/BasicIoC/src/BasicIoC.Tests/bin/Debug/BasicIoC.Tests.DLL" adapterTypeName="Microsoft.VisualStudio.TestTools.TestTypes.Unit.UnitTestAdapter, Microsoft.VisualStudio.QualityTools.Tips.UnitTest.Adapter, Version=10.0.0.0, Culture=neutral, PublicKeyToken=b03f5f7f11d50a3a" className="BasicIoC.Tests.ContainerTests, BasicIoC.Tests, Version=1.0.0.0, Culture=neutral, PublicKeyToken=null" name="ResolveType" />
    </UnitTest>
  </TestDefinitions>
  <TestLists>
    <TestList name="Results Not in a List" id="8c84fa94-04c1-424b-9868-57a2d4851a1d" />
    <TestList name="All Loaded Results" id="19431567-8539-422a-85d7-44ee4e166bda" />
  </TestLists>
  <TestEntries>
    <TestEntry testId="403db64d-87e9-8f44-df12-dddf2d5d8f93" executionId="274b8a21-ca9b-4cde-a7f0-e25dfb23a939" testListId="8c84fa94-04c1-424b-9868-57a2d4851a1d" />
  </TestEntries>
  <Results>
    <UnitTestResult executionId="274b8a21-ca9b-4cde-a7f0-e25dfb23a939" testId="403db64d-87e9-8f44-df12-dddf2d5d8f93" testName="ResolveType" computerName="MARCIOALTHMANN" duration="00:00:00.0312706" startTime="2011-05-25T22:30:30.8011083-03:00" endTime="2011-05-25T22:30:33.2682494-03:00" testType="13cdc9d9-ddb5-4fa4-a97d-d965ccfc6d4b" outcome="Passed" testListId="8c84fa94-04c1-424b-9868-57a2d4851a1d" relativeResultsDirectory="274b8a21-ca9b-4cde-a7f0-e25dfb23a939">
    </UnitTestResult>
  </Results>
</TestRun>