<?xml version="1.0" encoding="UTF-8"?>
<TestRun id="fd171ba0-ce33-4403-ad79-9106a6e8af5a" name="Marcio@MARCIOALTHMANN 2011-05-25 22:34:36" runUser="marcioalthmann\Marcio" xmlns="http://microsoft.com/schemas/VisualStudio/TeamTest/2010">
  <TestSettings name="Local" id="4c5d8efd-9a20-44f0-84d3-90b2f595beef">
    <Description>These are default test settings for a local test run.</Description>
    <Deployment enabled="false" runDeploymentRoot="Marcio_MARCIOALTHMANN 2011-05-25 22_34_36">
      <DeploymentItem filename="D:\Frameworks\BasicIoC\src\BasicIoC\bin\Debug\BasicIoC.dll" />
    </Deployment>
    <Execution>
      <TestTypeSpecific />
      <AgentRule name="Execution Agents">
      </AgentRule>
    </Execution>
  </TestSettings>
  <Times creation="2011-05-25T22:34:36.6561704-03:00" queuing="2011-05-25T22:34:36.9351864-03:00" start="2011-05-25T22:34:37.0141909-03:00" finish="2011-05-25T22:34:37.5522217-03:00" />
  <ResultSummary outcome="Completed">
    <Counters total="2" executed="2" passed="2" error="0" failed="0" timeout="0" aborted="0" inconclusive="0" passedButRunAborted="0" notRunnable="0" notExecuted="0" disconnected="0" warning="0" completed="0" inProgress="0" pending="0" />
  </ResultSummary>
  <TestDefinitions>
    <UnitTest name="RegisterAndResoleClassByInterface" storage="d:\frameworks\basicioc\src\basicioc.tests\bin\debug\basicioc.tests.dll" id="2941f5f1-d32e-ccca-4d3d-64a778b3272b">
      <Execution id="cfbc8217-1a80-438b-90c0-d6f7ea8c5493" />
      <TestMethod codeBase="D:/Frameworks/BasicIoC/src/BasicIoC.Tests/bin/Debug/BasicIoC.Tests.DLL" adapterTypeName="Microsoft.VisualStudio.TestTools.TestTypes.Unit.UnitTestAdapter, Microsoft.VisualStudio.QualityTools.Tips.UnitTest.Adapter, Version=10.0.0.0, Culture=neutral, PublicKeyToken=b03f5f7f11d50a3a" className="BasicIoC.Tests.ContainerTests, BasicIoC.Tests, Version=1.0.0.0, Culture=neutral, PublicKeyToken=null" name="RegisterAndResoleClassByInterface" />
    </UnitTest>
    <UnitTest name="RegisterAndResolveClassByType" storage="d:\frameworks\basicioc\src\basicioc.tests\bin\debug\basicioc.tests.dll" id="3818bdb2-7a04-d365-22f0-d583cdb4796f">
      <Execution id="c1812a4f-0913-4ddc-b029-93df3142d977" />
      <TestMethod codeBase="D:/Frameworks/BasicIoC/src/BasicIoC.Tests/bin/Debug/BasicIoC.Tests.DLL" adapterTypeName="Microsoft.VisualStudio.TestTools.TestTypes.Unit.UnitTestAdapter, Microsoft.VisualStudio.QualityTools.Tips.UnitTest.Adapter, Version=10.0.0.0, Culture=neutral, PublicKeyToken=b03f5f7f11d50a3a" className="BasicIoC.Tests.ContainerTests, BasicIoC.Tests, Version=1.0.0.0, Culture=neutral, PublicKeyToken=null" name="RegisterAndResolveClassByType" />
    </UnitTest>
  </TestDefinitions>
  <TestLists>
    <TestList name="Results Not in a List" id="8c84fa94-04c1-424b-9868-57a2d4851a1d" />
    <TestList name="All Loaded Results" id="19431567-8539-422a-85d7-44ee4e166bda" />
  </TestLists>
  <TestEntries>
    <TestEntry testId="2941f5f1-d32e-ccca-4d3d-64a778b3272b" executionId="cfbc8217-1a80-438b-90c0-d6f7ea8c5493" testListId="8c84fa94-04c1-424b-9868-57a2d4851a1d" />
    <TestEntry testId="3818bdb2-7a04-d365-22f0-d583cdb4796f" executionId="c1812a4f-0913-4ddc-b029-93df3142d977" testListId="8c84fa94-04c1-424b-9868-57a2d4851a1d" />
  </TestEntries>
  <Results>
    <UnitTestResult executionId="cfbc8217-1a80-438b-90c0-d6f7ea8c5493" testId="2941f5f1-d32e-ccca-4d3d-64a778b3272b" testName="RegisterAndResoleClassByInterface" computerName="MARCIOALTHMANN" duration="00:00:00.0216921" startTime="2011-05-25T22:34:37.0501930-03:00" endTime="2011-05-25T22:34:37.5162196-03:00" testType="13cdc9d9-ddb5-4fa4-a97d-d965ccfc6d4b" outcome="Passed" testListId="8c84fa94-04c1-424b-9868-57a2d4851a1d" relativeResultsDirectory="cfbc8217-1a80-438b-90c0-d6f7ea8c5493">
    </UnitTestResult>
    <UnitTestResult executionId="c1812a4f-0913-4ddc-b029-93df3142d977" testId="3818bdb2-7a04-d365-22f0-d583cdb4796f" testName="RegisterAndResolveClassByType" computerName="MARCIOALTHMANN" duration="00:00:00.0005194" startTime="2011-05-25T22:34:37.5192198-03:00" endTime="2011-05-25T22:34:37.5262202-03:00" testType="13cdc9d9-ddb5-4fa4-a97d-d965ccfc6d4b" outcome="Passed" testListId="8c84fa94-04c1-424b-9868-57a2d4851a1d" relativeResultsDirectory="c1812a4f-0913-4ddc-b029-93df3142d977">
    </UnitTestResult>
  </Results>
</TestRun>