<?xml version="1.0" encoding="UTF-8"?>
<TestRun id="d4773179-29f9-44a9-aead-0197dc759927" name="Marcio@MARCIOALTHMANN 2011-05-16 23:01:13" runUser="marcioalthmann\Marcio" xmlns="http://microsoft.com/schemas/VisualStudio/TeamTest/2010">
  <TestSettings name="Local" id="4c5d8efd-9a20-44f0-84d3-90b2f595beef">
    <Description>These are default test settings for a local test run.</Description>
    <Deployment enabled="false" runDeploymentRoot="Marcio_MARCIOALTHMANN 2011-05-16 23_01_13" />
    <Execution>
      <TestTypeSpecific />
      <AgentRule name="Execution Agents">
      </AgentRule>
    </Execution>
  </TestSettings>
  <Times creation="2011-05-16T23:01:13.8639299-03:00" queuing="2011-05-16T23:01:16.4320767-03:00" start="2011-05-16T23:01:16.5670845-03:00" finish="2011-05-16T23:01:17.2771251-03:00" />
  <ResultSummary outcome="Completed">
    <Counters total="1" executed="1" passed="1" error="0" failed="0" timeout="0" aborted="0" inconclusive="0" passedButRunAborted="0" notRunnable="0" notExecuted="0" disconnected="0" warning="0" completed="0" inProgress="0" pending="0" />
  </ResultSummary>
  <TestDefinitions>
    <UnitTest name="TestMethod1" storage="d:\frameworks\simpleioc\src\simpleioc.tests\bin\debug\simpleioc.tests.dll" id="dbc5c706-950a-eb15-6ae3-b77ef61010cf">
      <Execution id="b76696d2-ce87-407e-98fc-96832bf243ba" />
      <TestMethod codeBase="D:/Frameworks/SimpleIoC/src/SimpleIoC.Tests/bin/Debug/SimpleIoC.Tests.DLL" adapterTypeName="Microsoft.VisualStudio.TestTools.TestTypes.Unit.UnitTestAdapter, Microsoft.VisualStudio.QualityTools.Tips.UnitTest.Adapter, Version=10.0.0.0, Culture=neutral, PublicKeyToken=b03f5f7f11d50a3a" className="SimpleIoC.Tests.ContainerTests, SimpleIoC.Tests, Version=1.0.0.0, Culture=neutral, PublicKeyToken=null" name="TestMethod1" />
    </UnitTest>
  </TestDefinitions>
  <TestLists>
    <TestList name="Results Not in a List" id="8c84fa94-04c1-424b-9868-57a2d4851a1d" />
    <TestList name="All Loaded Results" id="19431567-8539-422a-85d7-44ee4e166bda" />
  </TestLists>
  <TestEntries>
    <TestEntry testId="dbc5c706-950a-eb15-6ae3-b77ef61010cf" executionId="b76696d2-ce87-407e-98fc-96832bf243ba" testListId="8c84fa94-04c1-424b-9868-57a2d4851a1d" />
  </TestEntries>
  <Results>
    <UnitTestResult executionId="b76696d2-ce87-407e-98fc-96832bf243ba" testId="dbc5c706-950a-eb15-6ae3-b77ef61010cf" testName="TestMethod1" computerName="MARCIOALTHMANN" duration="00:00:00.0192637" startTime="2011-05-16T23:01:16.6180874-03:00" endTime="2011-05-16T23:01:17.2341226-03:00" testType="13cdc9d9-ddb5-4fa4-a97d-d965ccfc6d4b" outcome="Passed" testListId="8c84fa94-04c1-424b-9868-57a2d4851a1d" relativeResultsDirectory="b76696d2-ce87-407e-98fc-96832bf243ba">
    </UnitTestResult>
  </Results>
</TestRun>